c:\users\felip\onedrive\escritorio\proyecto-ajedrez-main\proyecto-ajedrez-main\15mayo\x64\debug\vc142.pdb
c:\users\felip\onedrive\escritorio\proyecto-ajedrez-main\proyecto-ajedrez-main\15mayo\x64\debug\vc142.idb
c:\users\felip\onedrive\escritorio\proyecto-ajedrez-main\proyecto-ajedrez-main\15mayo\x64\debug\vector2d.obj
c:\users\felip\onedrive\escritorio\proyecto-ajedrez-main\proyecto-ajedrez-main\15mayo\x64\debug\torre.obj
c:\users\felip\onedrive\escritorio\proyecto-ajedrez-main\proyecto-ajedrez-main\15mayo\x64\debug\tablero.obj
c:\users\felip\onedrive\escritorio\proyecto-ajedrez-main\proyecto-ajedrez-main\15mayo\x64\debug\rey.obj
c:\users\felip\onedrive\escritorio\proyecto-ajedrez-main\proyecto-ajedrez-main\15mayo\x64\debug\reina.obj
c:\users\felip\onedrive\escritorio\proyecto-ajedrez-main\proyecto-ajedrez-main\15mayo\x64\debug\pieza.obj
c:\users\felip\onedrive\escritorio\proyecto-ajedrez-main\proyecto-ajedrez-main\15mayo\x64\debug\peon.obj
c:\users\felip\onedrive\escritorio\proyecto-ajedrez-main\proyecto-ajedrez-main\15mayo\x64\debug\pang.obj
c:\users\felip\onedrive\escritorio\proyecto-ajedrez-main\proyecto-ajedrez-main\15mayo\x64\debug\listapiezas.obj
c:\users\felip\onedrive\escritorio\proyecto-ajedrez-main\proyecto-ajedrez-main\15mayo\x64\debug\caballo.obj
c:\users\felip\onedrive\escritorio\proyecto-ajedrez-main\proyecto-ajedrez-main\15mayo\x64\debug\alfil.obj
c:\users\felip\onedrive\escritorio\proyecto-ajedrez-main\proyecto-ajedrez-main\15mayo\x64\debug\pang.exe
c:\users\felip\onedrive\escritorio\proyecto-ajedrez-main\proyecto-ajedrez-main\15mayo\x64\debug\pang.ilk
c:\users\felip\onedrive\escritorio\proyecto-ajedrez-main\proyecto-ajedrez-main\15mayo\x64\debug\pang.pdb
c:\users\felip\onedrive\escritorio\proyecto-ajedrez-main\proyecto-ajedrez-main\15mayo\x64\debug\pang.tlog\cl.command.1.tlog
c:\users\felip\onedrive\escritorio\proyecto-ajedrez-main\proyecto-ajedrez-main\15mayo\x64\debug\pang.tlog\cl.read.1.tlog
c:\users\felip\onedrive\escritorio\proyecto-ajedrez-main\proyecto-ajedrez-main\15mayo\x64\debug\pang.tlog\cl.write.1.tlog
c:\users\felip\onedrive\escritorio\proyecto-ajedrez-main\proyecto-ajedrez-main\15mayo\x64\debug\pang.tlog\link.command.1.tlog
c:\users\felip\onedrive\escritorio\proyecto-ajedrez-main\proyecto-ajedrez-main\15mayo\x64\debug\pang.tlog\link.read.1.tlog
c:\users\felip\onedrive\escritorio\proyecto-ajedrez-main\proyecto-ajedrez-main\15mayo\x64\debug\pang.tlog\link.write.1.tlog
