c:\users\felip\onedrive\escritorio\15mayo\x64\debug\vc142.pdb
c:\users\felip\onedrive\escritorio\15mayo\x64\debug\vc142.idb
c:\users\felip\onedrive\escritorio\15mayo\x64\debug\vector2d.obj
c:\users\felip\onedrive\escritorio\15mayo\x64\debug\tablero.obj
c:\users\felip\onedrive\escritorio\15mayo\x64\debug\peon.obj
c:\users\felip\onedrive\escritorio\15mayo\x64\debug\pang.obj
c:\users\felip\onedrive\escritorio\15mayo\x64\debug\listapiezas.obj
c:\users\felip\onedrive\escritorio\15mayo\x64\debug\pieza.obj
c:\users\felip\onedrive\escritorio\15mayo\x64\debug\pang.pdb
c:\users\felip\onedrive\escritorio\15mayo\x64\debug\pang.tlog\cl.command.1.tlog
c:\users\felip\onedrive\escritorio\15mayo\x64\debug\pang.tlog\cl.read.1.tlog
c:\users\felip\onedrive\escritorio\15mayo\x64\debug\pang.tlog\cl.write.1.tlog
c:\users\felip\onedrive\escritorio\15mayo\x64\debug\pang.tlog\link-cvtres.read.1.tlog
c:\users\felip\onedrive\escritorio\15mayo\x64\debug\pang.tlog\link-cvtres.write.1.tlog
c:\users\felip\onedrive\escritorio\15mayo\x64\debug\pang.tlog\link-rc.read.1.tlog
c:\users\felip\onedrive\escritorio\15mayo\x64\debug\pang.tlog\link-rc.write.1.tlog
c:\users\felip\onedrive\escritorio\15mayo\x64\debug\pang.tlog\link.34744-cvtres.read.1.tlog
c:\users\felip\onedrive\escritorio\15mayo\x64\debug\pang.tlog\link.34744-cvtres.write.1.tlog
c:\users\felip\onedrive\escritorio\15mayo\x64\debug\pang.tlog\link.34744-rc.read.1.tlog
c:\users\felip\onedrive\escritorio\15mayo\x64\debug\pang.tlog\link.34744-rc.write.1.tlog
c:\users\felip\onedrive\escritorio\15mayo\x64\debug\pang.tlog\link.34744.read.1.tlog
c:\users\felip\onedrive\escritorio\15mayo\x64\debug\pang.tlog\link.34744.write.1.tlog
c:\users\felip\onedrive\escritorio\15mayo\x64\debug\pang.tlog\link.command.1.tlog
c:\users\felip\onedrive\escritorio\15mayo\x64\debug\pang.tlog\link.read.1.tlog
c:\users\felip\onedrive\escritorio\15mayo\x64\debug\pang.tlog\link.write.1.tlog
